  [1m[35m (549.6ms)[0m  [1m[35mCREATE DATABASE "remote_work_development" ENCODING = 'unicode'[0m
  [1m[35m (208.9ms)[0m  [1m[35mCREATE DATABASE "remote_work_test" ENCODING = 'unicode'[0m
  [1m[35m (50.2ms)[0m  [1m[35mCREATE TABLE "schema_migrations" ("version" character varying NOT NULL PRIMARY KEY)[0m
  [1m[35m (11.8ms)[0m  [1m[35mCREATE TABLE "ar_internal_metadata" ("key" character varying NOT NULL PRIMARY KEY, "value" character varying, "created_at" timestamp(6) NOT NULL, "updated_at" timestamp(6) NOT NULL)[0m
  [1m[35m (12.2ms)[0m  [1m[34mSELECT pg_try_advisory_lock(1308885907657760040)[0m
  [1m[35m (1.8ms)[0m  [1m[34mSELECT "schema_migrations"."version" FROM "schema_migrations" ORDER BY "schema_migrations"."version" ASC[0m
  [1m[36mActiveRecord::InternalMetadata Load (1.0ms)[0m  [1m[34mSELECT "ar_internal_metadata".* FROM "ar_internal_metadata" WHERE "ar_internal_metadata"."key" = $1 LIMIT $2[0m  [["key", "environment"], ["LIMIT", 1]]
  [1m[36mTRANSACTION (0.3ms)[0m  [1m[35mBEGIN[0m
  [1m[36mActiveRecord::InternalMetadata Create (4.9ms)[0m  [1m[32mINSERT INTO "ar_internal_metadata" ("key", "value", "created_at", "updated_at") VALUES ($1, $2, $3, $4) RETURNING "key"[0m  [["key", "environment"], ["value", "development"], ["created_at", "2021-02-01 05:52:11.189481"], ["updated_at", "2021-02-01 05:52:11.189481"]]
  [1m[36mTRANSACTION (0.7ms)[0m  [1m[35mCOMMIT[0m
  [1m[35m (0.5ms)[0m  [1m[34mSELECT pg_advisory_unlock(1308885907657760040)[0m
  [1m[35m (14.8ms)[0m  [1m[34mSELECT "schema_migrations"."version" FROM "schema_migrations" ORDER BY "schema_migrations"."version" ASC[0m
  [1m[35m (0.4ms)[0m  [1m[34mSELECT pg_try_advisory_lock(1308885907657760040)[0m
  [1m[35m (1.2ms)[0m  [1m[34mSELECT "schema_migrations"."version" FROM "schema_migrations" ORDER BY "schema_migrations"."version" ASC[0m
Migrating to CreateUsers (20210201055533)
  [1m[36mTRANSACTION (0.3ms)[0m  [1m[35mBEGIN[0m
  [1m[35m (20.7ms)[0m  [1m[35mCREATE TABLE "users" ("id" bigserial primary key, "name" character varying, "email" character varying, "password_digest" character varying, "created_at" timestamp(6) NOT NULL, "updated_at" timestamp(6) NOT NULL)[0m
  [1m[36mActiveRecord::SchemaMigration Create (1.7ms)[0m  [1m[32mINSERT INTO "schema_migrations" ("version") VALUES ($1) RETURNING "version"[0m  [["version", "20210201055533"]]
  [1m[36mTRANSACTION (2.7ms)[0m  [1m[35mCOMMIT[0m
  [1m[36mActiveRecord::InternalMetadata Load (2.7ms)[0m  [1m[34mSELECT "ar_internal_metadata".* FROM "ar_internal_metadata" WHERE "ar_internal_metadata"."key" = $1 LIMIT $2[0m  [["key", "environment"], ["LIMIT", 1]]
  [1m[35m (0.6ms)[0m  [1m[34mSELECT pg_advisory_unlock(1308885907657760040)[0m
  [1m[35m (1.4ms)[0m  [1m[34mSELECT "schema_migrations"."version" FROM "schema_migrations" ORDER BY "schema_migrations"."version" ASC[0m
  [1m[35m (1.7ms)[0m  [1m[34mSELECT "schema_migrations"."version" FROM "schema_migrations" ORDER BY "schema_migrations"."version" ASC[0m
  [1m[36mTRANSACTION (0.3ms)[0m  [1m[35mBEGIN[0m
  [1m[36mUser Exists? (2.4ms)[0m  [1m[34mSELECT 1 AS one FROM "users" WHERE "users"."email" = $1 LIMIT $2[0m  [["email", "nempey2000@yahoo.com"], ["LIMIT", 1]]
  [1m[36mUser Create (1.2ms)[0m  [1m[32mINSERT INTO "users" ("name", "email", "password_digest", "created_at", "updated_at") VALUES ($1, $2, $3, $4, $5) RETURNING "id"[0m  [["name", "Neil"], ["email", "nempey2000@yahoo.com"], ["password_digest", "$2a$12$1JjZFrDeTXGtUpTdSbEdK.9K1flvjteCF/cup9bVZ1mu3zeAKrxo."], ["created_at", "2021-02-01 06:22:49.462624"], ["updated_at", "2021-02-01 06:22:49.462624"]]
  [1m[36mTRANSACTION (1.4ms)[0m  [1m[35mCOMMIT[0m
  [1m[36mTRANSACTION (0.2ms)[0m  [1m[35mBEGIN[0m
  [1m[36mUser Exists? (0.6ms)[0m  [1m[34mSELECT 1 AS one FROM "users" WHERE "users"."email" = $1 LIMIT $2[0m  [["email", "tiffanysimpson@aol.net"], ["LIMIT", 1]]
  [1m[36mUser Create (0.6ms)[0m  [1m[32mINSERT INTO "users" ("name", "email", "password_digest", "created_at", "updated_at") VALUES ($1, $2, $3, $4, $5) RETURNING "id"[0m  [["name", "Tiffany"], ["email", "tiffanysimpson@aol.net"], ["password_digest", "$2a$12$eTbS9ndrfaCmm9IboC0p2eBQuBd1Y5wPv5pUV0fQQNXrvpx.cWcjy"], ["created_at", "2021-02-01 06:22:49.792372"], ["updated_at", "2021-02-01 06:22:49.792372"]]
  [1m[36mTRANSACTION (1.8ms)[0m  [1m[35mCOMMIT[0m
  [1m[36mTRANSACTION (1.5ms)[0m  [1m[35mBEGIN[0m
  [1m[36mUser Exists? (0.5ms)[0m  [1m[34mSELECT 1 AS one FROM "users" WHERE "users"."email" = $1 LIMIT $2[0m  [["email", "reebmp@yahoo.com"], ["LIMIT", 1]]
  [1m[36mUser Create (4.3ms)[0m  [1m[32mINSERT INTO "users" ("name", "email", "password_digest", "created_at", "updated_at") VALUES ($1, $2, $3, $4, $5) RETURNING "id"[0m  [["name", "Chris"], ["email", "reebmp@yahoo.com"], ["password_digest", "$2a$12$TCuTqV2l3akKEKVcbVvz9uCSvbpjH5t0kUA8rAnHoNEwTcdK4eO7e"], ["created_at", "2021-02-01 06:22:50.137889"], ["updated_at", "2021-02-01 06:22:50.137889"]]
  [1m[36mTRANSACTION (1.2ms)[0m  [1m[35mCOMMIT[0m
  [1m[36mTRANSACTION (0.2ms)[0m  [1m[35mBEGIN[0m
  [1m[36mUser Exists? (0.6ms)[0m  [1m[34mSELECT 1 AS one FROM "users" WHERE "users"."email" = $1 LIMIT $2[0m  [["email", "sarahcrouton@gmail.com"], ["LIMIT", 1]]
  [1m[36mUser Create (0.5ms)[0m  [1m[32mINSERT INTO "users" ("name", "email", "password_digest", "created_at", "updated_at") VALUES ($1, $2, $3, $4, $5) RETURNING "id"[0m  [["name", "Sarah"], ["email", "sarahcrouton@gmail.com"], ["password_digest", "$2a$12$TliL7TY3deD7AaWnPjIKtu2izO5mR1UnXWs4zfkxbzT9VRXlxIBiO"], ["created_at", "2021-02-01 06:22:50.472102"], ["updated_at", "2021-02-01 06:22:50.472102"]]
  [1m[36mTRANSACTION (1.2ms)[0m  [1m[35mCOMMIT[0m
  [1m[36mUser Load (1.7ms)[0m  [1m[34mSELECT "users".* FROM "users" /* loading for inspect */ LIMIT $1[0m  [["LIMIT", 11]]
Started GET "/api/v1/users" for 127.0.0.1 at 2021-01-31 23:26:08 -0700
  [1m[35m (1.3ms)[0m  [1m[34mSELECT "schema_migrations"."version" FROM "schema_migrations" ORDER BY "schema_migrations"."version" ASC[0m
  
ActionController::RoutingError (No route matches [GET] "/api/v1/users"):
  
Started GET "/favicon.ico" for 127.0.0.1 at 2021-01-31 23:26:09 -0700
  
ActionController::RoutingError (No route matches [GET] "/favicon.ico"):
  
Started GET "/api/v1/users" for 127.0.0.1 at 2021-01-31 23:27:05 -0700
  [1m[35m (1.6ms)[0m  [1m[34mSELECT "schema_migrations"."version" FROM "schema_migrations" ORDER BY "schema_migrations"."version" ASC[0m
  
ActionController::RoutingError (uninitialized constant Api::V1::UsersController
Did you mean?  Api::V1::UserController):
  
Started GET "/api/v1/users" for 127.0.0.1 at 2021-01-31 23:27:55 -0700
  
ActionController::RoutingError (No route matches [GET] "/api/v1/users"):
  
Started GET "/api/v1/user" for 127.0.0.1 at 2021-01-31 23:28:02 -0700
  
SyntaxError (/Users/argus/Documents/GitHub/js_project/remote_work/remote_work/app/controllers/api/v1/user_controller.rb:10: syntax error, unexpected tINTEGER, expecting do or '{' or '('
... render json: @user, status 200
...                            ^~~
/Users/argus/Documents/GitHub/js_project/remote_work/remote_work/app/controllers/api/v1/user_controller.rb:16: syntax error, unexpected tINTEGER, expecting do or '{' or '('
... render json: @user, status 200
...                            ^~~):
  
app/controllers/api/v1/user_controller.rb:10: syntax error, unexpected tINTEGER, expecting do or '{' or '('
app/controllers/api/v1/user_controller.rb:16: syntax error, unexpected tINTEGER, expecting do or '{' or '('
app/controllers/api/v1/user_controller.rb:10: syntax error, unexpected tINTEGER, expecting do or '{' or '('
app/controllers/api/v1/user_controller.rb:16: syntax error, unexpected tINTEGER, expecting do or '{' or '('
Started GET "/api/v1/users" for 127.0.0.1 at 2021-01-31 23:28:57 -0700
  [1m[35m (1.8ms)[0m  [1m[34mSELECT "schema_migrations"."version" FROM "schema_migrations" ORDER BY "schema_migrations"."version" ASC[0m
  
ActionController::RoutingError (No route matches [GET] "/api/v1/users"):
  
Started GET "/api/v1/user" for 127.0.0.1 at 2021-01-31 23:30:00 -0700
  
SyntaxError (/Users/argus/Documents/GitHub/js_project/remote_work/remote_work/app/controllers/api/v1/user_controller.rb:10: syntax error, unexpected tINTEGER, expecting do or '{' or '('
... render json: @user, status 200
...                            ^~~
/Users/argus/Documents/GitHub/js_project/remote_work/remote_work/app/controllers/api/v1/user_controller.rb:16: syntax error, unexpected tINTEGER, expecting do or '{' or '('
... render json: @user, status 200
...                            ^~~):
  
app/controllers/api/v1/user_controller.rb:10: syntax error, unexpected tINTEGER, expecting do or '{' or '('
app/controllers/api/v1/user_controller.rb:16: syntax error, unexpected tINTEGER, expecting do or '{' or '('
app/controllers/api/v1/user_controller.rb:10: syntax error, unexpected tINTEGER, expecting do or '{' or '('
app/controllers/api/v1/user_controller.rb:16: syntax error, unexpected tINTEGER, expecting do or '{' or '('
Started GET "/api/v1/user" for 127.0.0.1 at 2021-01-31 23:31:03 -0700
  [1m[35m (2.6ms)[0m  [1m[34mSELECT "schema_migrations"."version" FROM "schema_migrations" ORDER BY "schema_migrations"."version" ASC[0m
Processing by Api::V1::UserController#index as HTML
  [1m[36mUser Load (8.2ms)[0m  [1m[34mSELECT "users".* FROM "users"[0m
  ↳ app/controllers/api/v1/user_controller.rb:5:in `index'
Completed 200 OK in 156ms (Views: 91.4ms | ActiveRecord: 38.3ms | Allocations: 7784)


Started POST "/api/v1/user" for ::1 at 2021-02-02 10:48:37 -0700
  [1m[35m (5.7ms)[0m  [1m[34mSELECT "schema_migrations"."version" FROM "schema_migrations" ORDER BY "schema_migrations"."version" ASC[0m
Processing by Api::V1::UserController#create as JSON
  Parameters: {"email"=>{}, "name"=>"", "password"=>"[FILTERED]", "user"=>{"name"=>"", "email"=>{}}}
[31mUnpermitted parameter: :email[0m
Completed 500 Internal Server Error in 192ms (ActiveRecord: 79.0ms | Allocations: 7919)


  
NameError (undefined local variable or method `user' for #<Api::V1::UserController:0x007fa4c4486d20>
Did you mean?  @user):
  
app/controllers/api/v1/user_controller.rb:15:in `create'
Started POST "/api/v1/user" for ::1 at 2021-02-02 10:49:41 -0700
Processing by Api::V1::UserController#create as JSON
  Parameters: {"email"=>{}, "name"=>"", "password"=>"[FILTERED]", "user"=>{"name"=>"", "email"=>{}}}
[31mUnpermitted parameter: :email[0m
Completed 500 Internal Server Error in 7ms (ActiveRecord: 0.0ms | Allocations: 1612)


  
NameError (undefined local variable or method `user' for #<Api::V1::UserController:0x007fa4c47da328>
Did you mean?  @user):
  
app/controllers/api/v1/user_controller.rb:15:in `create'
Started POST "/api/v1/user" for ::1 at 2021-02-02 10:50:50 -0700
Processing by Api::V1::UserController#create as JSON
  Parameters: {"email"=>{}, "name"=>"", "password"=>"[FILTERED]", "user"=>{"name"=>"", "email"=>{}}}
[31mUnpermitted parameter: :email[0m
Completed 500 Internal Server Error in 6ms (ActiveRecord: 0.0ms | Allocations: 1611)


  
NameError (undefined local variable or method `user' for #<Api::V1::UserController:0x007fa4cb099fa8>
Did you mean?  @user):
  
app/controllers/api/v1/user_controller.rb:15:in `create'
Started POST "/api/v1/user" for ::1 at 2021-02-02 10:50:50 -0700
Processing by Api::V1::UserController#create as JSON
  Parameters: {"email"=>{}, "name"=>"", "password"=>"[FILTERED]", "user"=>{"name"=>"", "email"=>{}}}
[31mUnpermitted parameter: :email[0m
Completed 500 Internal Server Error in 6ms (ActiveRecord: 0.0ms | Allocations: 1639)


  
NameError (undefined local variable or method `user' for #<Api::V1::UserController:0x007fa4c8178378>
Did you mean?  @user):
  
app/controllers/api/v1/user_controller.rb:15:in `create'
Started POST "/api/v1/user" for ::1 at 2021-02-02 10:51:58 -0700
Started POST "/api/v1/user" for ::1 at 2021-02-02 10:51:58 -0700
Processing by Api::V1::UserController#create as JSON
Processing by Api::V1::UserController#create as JSON
  Parameters: {"email"=>{}, "name"=>"", "password"=>"[FILTERED]", "user"=>{"name"=>"", "email"=>{}}}
[31mUnpermitted parameter: :email[0m
  Parameters: {"email"=>{}, "name"=>"", "password"=>"[FILTERED]", "user"=>{"name"=>"", "email"=>{}}}
Completed 500 Internal Server Error in 8ms (ActiveRecord: 0.0ms | Allocations: 1700)


[31mUnpermitted parameter: :email[0m
  
NameError (undefined local variable or method `user' for #<Api::V1::UserController:0x007fa4c81dbf90>
Did you mean?  @user):
  
app/controllers/api/v1/user_controller.rb:15:in `create'
Completed 500 Internal Server Error in 14ms (ActiveRecord: 0.0ms | Allocations: 3221)


  
NameError (undefined local variable or method `user' for #<Api::V1::UserController:0x007fa4cb16f900>
Did you mean?  @user):
  
app/controllers/api/v1/user_controller.rb:15:in `create'
Started POST "/api/v1/user" for ::1 at 2021-02-02 10:54:02 -0700
Processing by Api::V1::UserController#create as JSON
  Parameters: {"email"=>{}, "name"=>"", "password"=>"[FILTERED]", "user"=>{"name"=>"", "email"=>{}}}
[31mUnpermitted parameter: :email[0m
Completed 500 Internal Server Error in 7ms (ActiveRecord: 0.0ms | Allocations: 1611)


  
NameError (undefined local variable or method `user' for #<Api::V1::UserController:0x007fa4cb1fce40>
Did you mean?  @user):
  
app/controllers/api/v1/user_controller.rb:15:in `create'
Started POST "/api/v1/user" for ::1 at 2021-02-02 15:35:06 -0700
  [1m[35m (2.1ms)[0m  [1m[34mSELECT "schema_migrations"."version" FROM "schema_migrations" ORDER BY "schema_migrations"."version" ASC[0m
Processing by Api::V1::UserController#create as JSON
  Parameters: {"user"=>{}}
Completed 400 Bad Request in 16ms (ActiveRecord: 3.7ms | Allocations: 3107)


  
ActionController::ParameterMissing (param is missing or the value is empty: user):
  
app/controllers/api/v1/user_controller.rb:30:in `user_params'
app/controllers/api/v1/user_controller.rb:14:in `create'
Started POST "/api/v1/user" for ::1 at 2021-02-02 15:35:22 -0700
Processing by Api::V1::UserController#create as JSON
  Parameters: {"user"=>{}}
Completed 400 Bad Request in 1ms (ActiveRecord: 0.0ms | Allocations: 117)


  
ActionController::ParameterMissing (param is missing or the value is empty: user):
  
app/controllers/api/v1/user_controller.rb:30:in `user_params'
app/controllers/api/v1/user_controller.rb:14:in `create'
Started POST "/api/v1/user" for ::1 at 2021-02-02 15:36:41 -0700
  [1m[35m (1.5ms)[0m  [1m[34mSELECT "schema_migrations"."version" FROM "schema_migrations" ORDER BY "schema_migrations"."version" ASC[0m
Processing by Api::V1::UserController#create as JSON
  Parameters: {"user"=>{}}
Completed 400 Bad Request in 19ms (ActiveRecord: 2.5ms | Allocations: 3105)


  
ActionController::ParameterMissing (param is missing or the value is empty: user):
  
app/controllers/api/v1/user_controller.rb:30:in `user_params'
app/controllers/api/v1/user_controller.rb:14:in `create'
Started POST "/api/v1/user" for ::1 at 2021-02-02 15:43:31 -0700
Processing by Api::V1::UserController#create as JSON
  Parameters: {"user"=>{}}
Completed 400 Bad Request in 0ms (Allocations: 117)


  
ActionController::ParameterMissing (param is missing or the value is empty: user):
  
app/controllers/api/v1/user_controller.rb:30:in `user_params'
app/controllers/api/v1/user_controller.rb:14:in `create'
Started POST "/api/v1/user" for ::1 at 2021-02-02 15:44:37 -0700
Processing by Api::V1::UserController#create as JSON
  Parameters: {"user"=>{}}
[31mUnpermitted parameter: :user[0m
Completed 500 Internal Server Error in 36ms (ActiveRecord: 43.6ms | Allocations: 4899)


  
NameError (undefined local variable or method `user' for #<Api::V1::UserController:0x007fa202dca8d8>
Did you mean?  @user):
  
app/controllers/api/v1/user_controller.rb:15:in `create'
Started POST "/api/v1/user" for ::1 at 2021-02-02 17:51:24 -0700
Processing by Api::V1::UserController#create as JSON
  Parameters: {"user"=>{}}
[31mUnpermitted parameter: :user[0m
Completed 500 Internal Server Error in 5ms (Allocations: 1575)


  
NameError (undefined local variable or method `user' for #<Api::V1::UserController:0x007fa20a093248>
Did you mean?  @user):
  
app/controllers/api/v1/user_controller.rb:15:in `create'
Started POST "/api/v1/user" for ::1 at 2021-02-02 17:52:01 -0700
Processing by Api::V1::UserController#create as JSON
  Parameters: {"user"=>{}}
[31mUnpermitted parameter: :user[0m
Completed 500 Internal Server Error in 5ms (Allocations: 1575)


  
NameError (undefined local variable or method `user' for #<Api::V1::UserController:0x007fa206218ae0>
Did you mean?  @user):
  
app/controllers/api/v1/user_controller.rb:15:in `create'
Started POST "/api/v1/user" for ::1 at 2021-02-02 17:52:25 -0700
Processing by Api::V1::UserController#create as JSON
  Parameters: {"user"=>{}}
[31mUnpermitted parameter: :user[0m
Completed 500 Internal Server Error in 5ms (Allocations: 1567)


  
NameError (undefined local variable or method `user' for #<Api::V1::UserController:0x007fa206282cb0>
Did you mean?  @user):
  
app/controllers/api/v1/user_controller.rb:15:in `create'
Started POST "/api/v1/user" for ::1 at 2021-02-02 17:52:25 -0700
Processing by Api::V1::UserController#create as JSON
  Parameters: {"user"=>{}}
[31mUnpermitted parameter: :user[0m
Completed 500 Internal Server Error in 8ms (Allocations: 1572)


  
NameError (undefined local variable or method `user' for #<Api::V1::UserController:0x007fa20b065dd8>
Did you mean?  @user):
  
app/controllers/api/v1/user_controller.rb:15:in `create'
Started POST "/api/v1/user" for ::1 at 2021-02-02 17:52:26 -0700
Processing by Api::V1::UserController#create as JSON
  Parameters: {"user"=>{}}
[31mUnpermitted parameter: :user[0m
Completed 500 Internal Server Error in 5ms (Allocations: 1567)


  
NameError (undefined local variable or method `user' for #<Api::V1::UserController:0x007fa202d37b00>
Did you mean?  @user):
  
app/controllers/api/v1/user_controller.rb:15:in `create'
Started POST "/api/v1/user" for ::1 at 2021-02-02 17:52:26 -0700
Processing by Api::V1::UserController#create as JSON
  Parameters: {"user"=>{}}
[31mUnpermitted parameter: :user[0m
Completed 500 Internal Server Error in 7ms (Allocations: 1567)


  
NameError (undefined local variable or method `user' for #<Api::V1::UserController:0x007fa20270e918>
Did you mean?  @user):
  
app/controllers/api/v1/user_controller.rb:15:in `create'
Started POST "/api/v1/user" for ::1 at 2021-02-02 17:52:26 -0700
Processing by Api::V1::UserController#create as JSON
  Parameters: {"user"=>{}}
[31mUnpermitted parameter: :user[0m
Completed 500 Internal Server Error in 6ms (Allocations: 1567)


  
NameError (undefined local variable or method `user' for #<Api::V1::UserController:0x007fa20a027278>
Did you mean?  @user):
  
app/controllers/api/v1/user_controller.rb:15:in `create'
Started POST "/api/v1/user" for ::1 at 2021-02-02 17:52:27 -0700
Processing by Api::V1::UserController#create as JSON
  Parameters: {"user"=>{}}
[31mUnpermitted parameter: :user[0m
Completed 500 Internal Server Error in 6ms (Allocations: 1567)


  
NameError (undefined local variable or method `user' for #<Api::V1::UserController:0x007fa206120e08>
Did you mean?  @user):
  
app/controllers/api/v1/user_controller.rb:15:in `create'
Started POST "/api/v1/user" for ::1 at 2021-02-02 17:52:27 -0700
Processing by Api::V1::UserController#create as JSON
  Parameters: {"user"=>{}}
[31mUnpermitted parameter: :user[0m
Completed 500 Internal Server Error in 5ms (Allocations: 1567)


  
NameError (undefined local variable or method `user' for #<Api::V1::UserController:0x007fa20b00cfd0>
Did you mean?  @user):
  
app/controllers/api/v1/user_controller.rb:15:in `create'
Started POST "/api/v1/user" for ::1 at 2021-02-02 17:52:27 -0700
Processing by Api::V1::UserController#create as JSON
  Parameters: {"user"=>{}}
[31mUnpermitted parameter: :user[0m
Completed 500 Internal Server Error in 4ms (Allocations: 1567)


  
NameError (undefined local variable or method `user' for #<Api::V1::UserController:0x007fa206213c98>
Did you mean?  @user):
  
app/controllers/api/v1/user_controller.rb:15:in `create'
Started POST "/api/v1/user" for ::1 at 2021-02-02 17:53:08 -0700
Processing by Api::V1::UserController#create as JSON
  Parameters: {"user"=>{}}
[31mUnpermitted parameter: :user[0m
Completed 500 Internal Server Error in 5ms (Allocations: 1567)


  
NameError (undefined local variable or method `user' for #<Api::V1::UserController:0x007fa206271140>
Did you mean?  @user):
  
app/controllers/api/v1/user_controller.rb:15:in `create'
Started POST "/api/v1/user" for ::1 at 2021-02-02 17:55:17 -0700
Processing by Api::V1::UserController#create as JSON
  Parameters: {"email"=>"@neil.com", "name"=>"neil", "password"=>"[FILTERED]", "user"=>{"name"=>"neil", "email"=>"@neil.com"}}
[31mUnpermitted parameter: :user[0m
Completed 500 Internal Server Error in 331ms (Allocations: 1648)


  
NameError (undefined local variable or method `user' for #<Api::V1::UserController:0x007fa2063087c0>
Did you mean?  @user):
  
app/controllers/api/v1/user_controller.rb:15:in `create'
Started POST "/api/v1/user" for ::1 at 2021-02-02 17:57:42 -0700
Processing by Api::V1::UserController#create as JSON
  Parameters: {"email"=>"@neil.com", "name"=>"neil", "password"=>"[FILTERED]", "user"=>{"name"=>"neil", "email"=>"@neil.com"}}
[31mUnpermitted parameter: :user[0m
  [1m[36mTRANSACTION (1.9ms)[0m  [1m[35mBEGIN[0m
  ↳ app/controllers/api/v1/user_controller.rb:15:in `create'
  [1m[36mUser Exists? (6.0ms)[0m  [1m[34mSELECT 1 AS one FROM "users" WHERE "users"."email" = $1 LIMIT $2[0m  [["email", "@neil.com"], ["LIMIT", 1]]
  ↳ app/controllers/api/v1/user_controller.rb:15:in `create'
  [1m[36mUser Create (10.1ms)[0m  [1m[32mINSERT INTO "users" ("name", "email", "password_digest", "created_at", "updated_at") VALUES ($1, $2, $3, $4, $5) RETURNING "id"[0m  [["name", "neil"], ["email", "@neil.com"], ["password_digest", "$2a$12$K8fqilhqIGh10U/JKE3.3.yZI/9jjSHP5FhBUhnH9Mcx3TQ2VI.KS"], ["created_at", "2021-02-03 00:57:42.657250"], ["updated_at", "2021-02-03 00:57:42.657250"]]
  ↳ app/controllers/api/v1/user_controller.rb:15:in `create'
  [1m[36mTRANSACTION (1.7ms)[0m  [1m[35mCOMMIT[0m
  ↳ app/controllers/api/v1/user_controller.rb:15:in `create'
Completed 200 OK in 372ms (Views: 0.6ms | ActiveRecord: 50.1ms | Allocations: 6006)


Started POST "/api/v1/user" for ::1 at 2021-02-02 18:17:35 -0700
  [1m[35m (1.9ms)[0m  [1m[34mSELECT "schema_migrations"."version" FROM "schema_migrations" ORDER BY "schema_migrations"."version" ASC[0m
Processing by Api::V1::UserController#create as JSON
  Parameters: {"email"=>"reebmp@aol.com", "name"=>"Chris", "password"=>"[FILTERED]", "user"=>{"name"=>"Chris", "email"=>"reebmp@aol.com"}}
[31mUnpermitted parameter: :user[0m
  [1m[36mUser Load (3.5ms)[0m  [1m[34mSELECT "users".* FROM "users" WHERE "users"."email" = $1 LIMIT $2[0m  [["email", "reebmp@aol.com"], ["LIMIT", 1]]
  ↳ app/controllers/api/v1/user_controller.rb:14:in `create'
[31mUnpermitted parameter: :user[0m
  [1m[36mTRANSACTION (0.2ms)[0m  [1m[35mBEGIN[0m
  ↳ app/controllers/api/v1/user_controller.rb:20:in `create'
  [1m[36mUser Exists? (0.5ms)[0m  [1m[34mSELECT 1 AS one FROM "users" WHERE "users"."email" = $1 LIMIT $2[0m  [["email", "reebmp@aol.com"], ["LIMIT", 1]]
  ↳ app/controllers/api/v1/user_controller.rb:20:in `create'
  [1m[36mUser Create (1.6ms)[0m  [1m[32mINSERT INTO "users" ("name", "email", "password_digest", "created_at", "updated_at") VALUES ($1, $2, $3, $4, $5) RETURNING "id"[0m  [["name", "Chris"], ["email", "reebmp@aol.com"], ["password_digest", "$2a$12$dBBatEn/5PmeQeibWCtbDOKvKw6ye2Lb99DNtNtVSJBdQ4T4ovFEK"], ["created_at", "2021-02-03 01:17:35.825705"], ["updated_at", "2021-02-03 01:17:35.825705"]]
  ↳ app/controllers/api/v1/user_controller.rb:20:in `create'
  [1m[36mTRANSACTION (1.1ms)[0m  [1m[35mCOMMIT[0m
  ↳ app/controllers/api/v1/user_controller.rb:20:in `create'
Completed 200 OK in 403ms (Views: 0.8ms | ActiveRecord: 15.5ms | Allocations: 10391)


  [1m[36mUser Load (2.2ms)[0m  [1m[34mSELECT "users".* FROM "users" /* loading for inspect */ LIMIT $1[0m  [["LIMIT", 11]]
Started POST "/api/v1/user" for ::1 at 2021-02-02 21:22:20 -0700
Processing by Api::V1::UserController#create as JSON
  Parameters: {"email"=>"daisy@daisy.net", "name"=>"Daisy", "password"=>"[FILTERED]", "user"=>{"name"=>"Daisy", "email"=>"daisy@daisy.net"}}
[31mUnpermitted parameter: :user[0m
  [1m[36mUser Load (2.7ms)[0m  [1m[34mSELECT "users".* FROM "users" WHERE "users"."email" = $1 LIMIT $2[0m  [["email", "daisy@daisy.net"], ["LIMIT", 1]]
  ↳ app/controllers/api/v1/user_controller.rb:14:in `create'
[31mUnpermitted parameter: :user[0m
  [1m[36mTRANSACTION (0.3ms)[0m  [1m[35mBEGIN[0m
  ↳ app/controllers/api/v1/user_controller.rb:20:in `create'
  [1m[36mUser Exists? (0.4ms)[0m  [1m[34mSELECT 1 AS one FROM "users" WHERE "users"."email" = $1 LIMIT $2[0m  [["email", "daisy@daisy.net"], ["LIMIT", 1]]
  ↳ app/controllers/api/v1/user_controller.rb:20:in `create'
  [1m[36mUser Create (2.0ms)[0m  [1m[32mINSERT INTO "users" ("name", "email", "password_digest", "created_at", "updated_at") VALUES ($1, $2, $3, $4, $5) RETURNING "id"[0m  [["name", "Daisy"], ["email", "daisy@daisy.net"], ["password_digest", "$2a$12$bs1Z4MfGBniqWr7XEgA5ReNfHIYE.KyYmcSRb9.u9TSwZTLjSfsOO"], ["created_at", "2021-02-03 04:22:21.414360"], ["updated_at", "2021-02-03 04:22:21.414360"]]
  ↳ app/controllers/api/v1/user_controller.rb:20:in `create'
  [1m[36mTRANSACTION (0.9ms)[0m  [1m[35mCOMMIT[0m
  ↳ app/controllers/api/v1/user_controller.rb:20:in `create'
Completed 200 OK in 502ms (Views: 1.2ms | ActiveRecord: 31.9ms | Allocations: 5210)


Started POST "/api/v1/user" for ::1 at 2021-02-02 21:24:53 -0700
Processing by Api::V1::UserController#create as JSON
  Parameters: {"email"=>"whereareyou@now", "name"=>"Scooby", "password"=>"[FILTERED]", "user"=>{"name"=>"Scooby", "email"=>"whereareyou@now"}}
[31mUnpermitted parameter: :user[0m
  [1m[36mUser Load (2.7ms)[0m  [1m[34mSELECT "users".* FROM "users" WHERE "users"."email" = $1 LIMIT $2[0m  [["email", "whereareyou@now"], ["LIMIT", 1]]
  ↳ app/controllers/api/v1/user_controller.rb:14:in `create'
[31mUnpermitted parameter: :user[0m
  [1m[36mTRANSACTION (0.4ms)[0m  [1m[35mBEGIN[0m
  ↳ app/controllers/api/v1/user_controller.rb:20:in `create'
  [1m[36mUser Exists? (0.6ms)[0m  [1m[34mSELECT 1 AS one FROM "users" WHERE "users"."email" = $1 LIMIT $2[0m  [["email", "whereareyou@now"], ["LIMIT", 1]]
  ↳ app/controllers/api/v1/user_controller.rb:20:in `create'
  [1m[36mUser Create (0.6ms)[0m  [1m[32mINSERT INTO "users" ("name", "email", "password_digest", "created_at", "updated_at") VALUES ($1, $2, $3, $4, $5) RETURNING "id"[0m  [["name", "Scooby"], ["email", "whereareyou@now"], ["password_digest", "$2a$12$B4U6FeJ9gy7VrfJNCcABrOigKo3V52xphdPdFAMM.tmNKS0ZxBgq."], ["created_at", "2021-02-03 04:24:53.920269"], ["updated_at", "2021-02-03 04:24:53.920269"]]
  ↳ app/controllers/api/v1/user_controller.rb:20:in `create'
  [1m[36mTRANSACTION (1.5ms)[0m  [1m[35mCOMMIT[0m
  ↳ app/controllers/api/v1/user_controller.rb:20:in `create'
Completed 200 OK in 571ms (Views: 1.2ms | ActiveRecord: 5.9ms | Allocations: 3155)


  [1m[35m (1.6ms)[0m  [1m[34mSELECT pg_try_advisory_lock(1308885907657760040)[0m
  [1m[35m (5.5ms)[0m  [1m[34mSELECT "schema_migrations"."version" FROM "schema_migrations" ORDER BY "schema_migrations"."version" ASC[0m
Migrating to CreateOffices (20210203201355)
  [1m[36mTRANSACTION (0.3ms)[0m  [1m[35mBEGIN[0m
  [1m[35m (59.9ms)[0m  [1m[35mCREATE TABLE "offices" ("id" bigserial primary key, "location" character varying, "cell" character varying, "bathrooms" character varying, "peace_index" character varying, "description" text, "created_at" timestamp(6) NOT NULL, "updated_at" timestamp(6) NOT NULL)[0m
  [1m[36mActiveRecord::SchemaMigration Create (4.2ms)[0m  [1m[32mINSERT INTO "schema_migrations" ("version") VALUES ($1) RETURNING "version"[0m  [["version", "20210203201355"]]
  [1m[36mTRANSACTION (1.5ms)[0m  [1m[35mCOMMIT[0m
  [1m[36mActiveRecord::InternalMetadata Load (2.6ms)[0m  [1m[34mSELECT "ar_internal_metadata".* FROM "ar_internal_metadata" WHERE "ar_internal_metadata"."key" = $1 LIMIT $2[0m  [["key", "environment"], ["LIMIT", 1]]
  [1m[35m (0.4ms)[0m  [1m[34mSELECT pg_advisory_unlock(1308885907657760040)[0m
  [1m[35m (1.4ms)[0m  [1m[34mSELECT "schema_migrations"."version" FROM "schema_migrations" ORDER BY "schema_migrations"."version" ASC[0m
  [1m[35m (1.1ms)[0m  [1m[34mSELECT "schema_migrations"."version" FROM "schema_migrations" ORDER BY "schema_migrations"."version" ASC[0m
  [1m[36mTRANSACTION (0.3ms)[0m  [1m[35mBEGIN[0m
  [1m[36mUser Exists? (3.3ms)[0m  [1m[34mSELECT 1 AS one FROM "users" WHERE "users"."email" = $1 LIMIT $2[0m  [["email", "nempey2000@yahoo.com"], ["LIMIT", 1]]
  [1m[36mTRANSACTION (1.5ms)[0m  [1m[31mROLLBACK[0m
  [1m[36mTRANSACTION (0.2ms)[0m  [1m[35mBEGIN[0m
  [1m[36mUser Exists? (0.4ms)[0m  [1m[34mSELECT 1 AS one FROM "users" WHERE "users"."email" = $1 LIMIT $2[0m  [["email", "tiffanysimpson@aol.net"], ["LIMIT", 1]]
  [1m[36mTRANSACTION (0.4ms)[0m  [1m[31mROLLBACK[0m
  [1m[36mTRANSACTION (0.2ms)[0m  [1m[35mBEGIN[0m
  [1m[36mUser Exists? (0.8ms)[0m  [1m[34mSELECT 1 AS one FROM "users" WHERE "users"."email" = $1 LIMIT $2[0m  [["email", "reebmp@yahoo.com"], ["LIMIT", 1]]
  [1m[36mTRANSACTION (0.2ms)[0m  [1m[31mROLLBACK[0m
  [1m[36mTRANSACTION (0.2ms)[0m  [1m[35mBEGIN[0m
  [1m[36mUser Exists? (0.4ms)[0m  [1m[34mSELECT 1 AS one FROM "users" WHERE "users"."email" = $1 LIMIT $2[0m  [["email", "sarahcrouton@gmail.com"], ["LIMIT", 1]]
  [1m[36mTRANSACTION (0.3ms)[0m  [1m[31mROLLBACK[0m
  [1m[36mTRANSACTION (0.2ms)[0m  [1m[35mBEGIN[0m
  [1m[36mOffice Create (5.1ms)[0m  [1m[32mINSERT INTO "offices" ("location", "cell", "bathrooms", "peace_index", "description", "created_at", "updated_at") VALUES ($1, $2, $3, $4, $5, $6, $7) RETURNING "id"[0m  [["location", "43.407864, -115.490790"], ["cell", "4"], ["bathrooms", "0"], ["peace_index", "10"], ["description", "Could not find a more peaceful place on earth if you tried"], ["created_at", "2021-02-03 20:37:18.741988"], ["updated_at", "2021-02-03 20:37:18.741988"]]
  [1m[36mTRANSACTION (1.5ms)[0m  [1m[35mCOMMIT[0m
  [1m[36mTRANSACTION (0.2ms)[0m  [1m[35mBEGIN[0m
  [1m[36mOffice Create (0.5ms)[0m  [1m[32mINSERT INTO "offices" ("location", "cell", "bathrooms", "peace_index", "description", "created_at", "updated_at") VALUES ($1, $2, $3, $4, $5, $6, $7) RETURNING "id"[0m  [["location", "43.518259, -115.488521"], ["cell", "6"], ["bathrooms", "5"], ["peace_index", "7"], ["description", "Cell service was ok, and it was pretty, but I have seen better"], ["created_at", "2021-02-03 20:37:18.755718"], ["updated_at", "2021-02-03 20:37:18.755718"]]
  [1m[36mTRANSACTION (1.6ms)[0m  [1m[35mCOMMIT[0m
  [1m[36mTRANSACTION (0.2ms)[0m  [1m[35mBEGIN[0m
  [1m[36mOffice Create (0.5ms)[0m  [1m[32mINSERT INTO "offices" ("location", "cell", "bathrooms", "peace_index", "description", "created_at", "updated_at") VALUES ($1, $2, $3, $4, $5, $6, $7) RETURNING "id"[0m  [["location", "44.098021, -114.396202"], ["cell", "9"], ["bathrooms", "7"], ["peace_index", "3"], ["description", "Really noisy, there is a playground nearby and the kids are quite active. Cell service is great though"], ["created_at", "2021-02-03 20:37:18.765887"], ["updated_at", "2021-02-03 20:37:18.765887"]]
  [1m[36mTRANSACTION (1.3ms)[0m  [1m[35mCOMMIT[0m
  [1m[36mOffice Load (0.8ms)[0m  [1m[34mSELECT "offices".* FROM "offices" /* loading for inspect */ LIMIT $1[0m  [["LIMIT", 11]]
Started GET "/api/v1/office" for ::1 at 2021-02-03 18:48:55 -0700
  [1m[35m (2.5ms)[0m  [1m[34mSELECT "schema_migrations"."version" FROM "schema_migrations" ORDER BY "schema_migrations"."version" ASC[0m
Processing by Api::V1::OfficeController#index as */*
Completed 204 No Content in 21ms (ActiveRecord: 0.0ms | Allocations: 2472)


Started GET "/api/v1/office" for ::1 at 2021-02-03 18:51:23 -0700
Processing by Api::V1::OfficeController#index as */*
Completed 204 No Content in 0ms (ActiveRecord: 0.0ms | Allocations: 46)


Started GET "/api/v1/office" for ::1 at 2021-02-03 18:53:54 -0700
Processing by Api::V1::OfficeController#index as */*
  [1m[36mOffice Load (3.6ms)[0m  [1m[34mSELECT "offices".* FROM "offices"[0m
  ↳ app/controllers/api/v1/office_controller.rb:5:in `index'
Completed 200 OK in 76ms (Views: 25.9ms | ActiveRecord: 48.0ms | Allocations: 6430)


Started GET "/api/v1/office" for ::1 at 2021-02-03 19:52:42 -0700
Processing by Api::V1::OfficeController#index as */*
  [1m[36mOffice Load (1.0ms)[0m  [1m[34mSELECT "offices".* FROM "offices"[0m
  ↳ app/controllers/api/v1/office_controller.rb:5:in `index'
Completed 200 OK in 48ms (Views: 45.8ms | ActiveRecord: 20.4ms | Allocations: 3084)


Started GET "/api/v1/office" for ::1 at 2021-02-03 19:53:41 -0700
Processing by Api::V1::OfficeController#index as */*
  [1m[36mOffice Load (2.2ms)[0m  [1m[34mSELECT "offices".* FROM "offices"[0m
  ↳ app/controllers/api/v1/office_controller.rb:5:in `index'
Completed 200 OK in 13ms (Views: 10.5ms | ActiveRecord: 2.2ms | Allocations: 1056)


Started GET "/api/v1/office" for ::1 at 2021-02-04 18:14:05 -0700
  [1m[35m (6.8ms)[0m  [1m[34mSELECT "schema_migrations"."version" FROM "schema_migrations" ORDER BY "schema_migrations"."version" ASC[0m
Processing by Api::V1::OfficeController#index as */*
  [1m[36mOffice Load (4.4ms)[0m  [1m[34mSELECT "offices".* FROM "offices"[0m
  ↳ app/controllers/api/v1/office_controller.rb:5:in `index'
Completed 200 OK in 99ms (Views: 39.4ms | ActiveRecord: 38.8ms | Allocations: 8517)


Started GET "/api/v1/office" for ::1 at 2021-02-04 18:15:07 -0700
Processing by Api::V1::OfficeController#index as */*
  [1m[36mOffice Load (1.1ms)[0m  [1m[34mSELECT "offices".* FROM "offices"[0m
  ↳ app/controllers/api/v1/office_controller.rb:5:in `index'
Completed 200 OK in 10ms (Views: 8.0ms | ActiveRecord: 1.1ms | Allocations: 1056)


Started GET "/api/v1/office" for ::1 at 2021-02-04 18:15:57 -0700
Processing by Api::V1::OfficeController#index as */*
  [1m[36mOffice Load (8.6ms)[0m  [1m[34mSELECT "offices".* FROM "offices"[0m
  ↳ app/controllers/api/v1/office_controller.rb:5:in `index'
Completed 200 OK in 16ms (Views: 7.2ms | ActiveRecord: 8.6ms | Allocations: 1056)


Started GET "/api/v1/office" for ::1 at 2021-02-04 18:19:03 -0700
Processing by Api::V1::OfficeController#index as */*
  [1m[36mOffice Load (14.8ms)[0m  [1m[34mSELECT "offices".* FROM "offices"[0m
  ↳ app/controllers/api/v1/office_controller.rb:5:in `index'
Completed 200 OK in 39ms (Views: 24.3ms | ActiveRecord: 14.8ms | Allocations: 1056)


Started GET "/api/v1/office" for ::1 at 2021-02-04 18:43:22 -0700
Processing by Api::V1::OfficeController#index as */*
  [1m[36mOffice Load (1.8ms)[0m  [1m[34mSELECT "offices".* FROM "offices"[0m
  ↳ app/controllers/api/v1/office_controller.rb:5:in `index'
Completed 200 OK in 48ms (Views: 47.1ms | ActiveRecord: 20.0ms | Allocations: 3084)


Started GET "/api/v1/office" for ::1 at 2021-02-04 18:43:47 -0700
Processing by Api::V1::OfficeController#index as */*
  [1m[36mOffice Load (2.0ms)[0m  [1m[34mSELECT "offices".* FROM "offices"[0m
  ↳ app/controllers/api/v1/office_controller.rb:5:in `index'
Completed 200 OK in 12ms (Views: 9.1ms | ActiveRecord: 2.0ms | Allocations: 1037)


Started GET "/api/v1/office" for ::1 at 2021-02-04 18:44:11 -0700
Processing by Api::V1::OfficeController#index as */*
  [1m[36mOffice Load (3.5ms)[0m  [1m[34mSELECT "offices".* FROM "offices"[0m
  ↳ app/controllers/api/v1/office_controller.rb:5:in `index'
Completed 200 OK in 20ms (Views: 16.0ms | ActiveRecord: 3.5ms | Allocations: 1037)


Started GET "/api/v1/office" for ::1 at 2021-02-04 18:44:51 -0700
Processing by Api::V1::OfficeController#index as */*
  [1m[36mOffice Load (4.9ms)[0m  [1m[34mSELECT "offices".* FROM "offices"[0m
  ↳ app/controllers/api/v1/office_controller.rb:5:in `index'
Completed 200 OK in 12ms (Views: 6.4ms | ActiveRecord: 4.9ms | Allocations: 1037)


  [1m[36mOffice Load (3.1ms)[0m  [1m[34mSELECT "offices".* FROM "offices" WHERE "offices"."id" = $1 LIMIT $2[0m  [["id", 1], ["LIMIT", 1]]
  [1m[36mOffice Load (0.4ms)[0m  [1m[34mSELECT "offices".* FROM "offices" /* loading for inspect */ LIMIT $1[0m  [["LIMIT", 11]]
  [1m[36mTRANSACTION (1.7ms)[0m  [1m[35mBEGIN[0m
  [1m[36mOffice Update (9.0ms)[0m  [1m[33mUPDATE "offices" SET "location" = $1, "updated_at" = $2 WHERE "offices"."id" = $3[0m  [["location", "Sandy Point Campground, Twin Falls, Idaho"], ["updated_at", "2021-02-05 01:55:03.853361"], ["id", 1]]
  [1m[36mTRANSACTION (1.8ms)[0m  [1m[35mCOMMIT[0m
  [1m[36mOffice Load (1.0ms)[0m  [1m[34mSELECT "offices".* FROM "offices" /* loading for inspect */ LIMIT $1[0m  [["LIMIT", 11]]
  [1m[36mOffice Load (2.2ms)[0m  [1m[34mSELECT "offices".* FROM "offices" WHERE "offices"."id" = $1 LIMIT $2[0m  [["id", 2], ["LIMIT", 1]]
  [1m[36mTRANSACTION (0.3ms)[0m  [1m[35mBEGIN[0m
  [1m[36mOffice Update (0.7ms)[0m  [1m[33mUPDATE "offices" SET "location" = $1, "updated_at" = $2 WHERE "offices"."id" = $3[0m  [["location", "Mile High Beach, AshVille, North Carolina"], ["updated_at", "2021-02-05 01:57:07.612526"], ["id", 2]]
  [1m[36mTRANSACTION (2.9ms)[0m  [1m[35mCOMMIT[0m
  [1m[36mOffice Load (0.6ms)[0m  [1m[34mSELECT "offices".* FROM "offices" WHERE "offices"."id" = $1 LIMIT $2[0m  [["id", 3], ["LIMIT", 1]]
  [1m[36mTRANSACTION (0.4ms)[0m  [1m[35mBEGIN[0m
  [1m[36mOffice Update (2.9ms)[0m  [1m[33mUPDATE "offices" SET "location" = $1, "updated_at" = $2 WHERE "offices"."id" = $3[0m  [["location", "CedarVille State Park, PittsVille, Texas"], ["updated_at", "2021-02-05 01:58:45.611184"], ["id", 3]]
  [1m[36mTRANSACTION (1.7ms)[0m  [1m[35mCOMMIT[0m
Started GET "/api/v1/office" for ::1 at 2021-02-04 18:59:17 -0700
  [1m[35m (1.1ms)[0m  [1m[34mSELECT "schema_migrations"."version" FROM "schema_migrations" ORDER BY "schema_migrations"."version" ASC[0m
Processing by Api::V1::OfficeController#index as */*
  [1m[36mOffice Load (0.9ms)[0m  [1m[34mSELECT "offices".* FROM "offices"[0m
  ↳ app/controllers/api/v1/office_controller.rb:5:in `index'
Completed 200 OK in 45ms (Views: 20.0ms | ActiveRecord: 10.6ms | Allocations: 8524)


Started GET "/api/v1/office" for ::1 at 2021-02-04 19:07:23 -0700
Processing by Api::V1::OfficeController#index as */*
  [1m[36mOffice Load (0.9ms)[0m  [1m[34mSELECT "offices".* FROM "offices"[0m
  ↳ app/controllers/api/v1/office_controller.rb:5:in `index'
Completed 200 OK in 70ms (Views: 62.8ms | ActiveRecord: 18.4ms | Allocations: 3048)


Started GET "/api/v1/office" for ::1 at 2021-02-04 19:08:36 -0700
Processing by Api::V1::OfficeController#index as */*
  [1m[36mOffice Load (5.2ms)[0m  [1m[34mSELECT "offices".* FROM "offices"[0m
  ↳ app/controllers/api/v1/office_controller.rb:5:in `index'
Completed 200 OK in 14ms (Views: 8.1ms | ActiveRecord: 5.2ms | Allocations: 1062)


Started GET "/api/v1/office" for ::1 at 2021-02-04 19:09:04 -0700
Processing by Api::V1::OfficeController#index as */*
  [1m[36mOffice Load (0.6ms)[0m  [1m[34mSELECT "offices".* FROM "offices"[0m
  ↳ app/controllers/api/v1/office_controller.rb:5:in `index'
Completed 200 OK in 4ms (Views: 3.1ms | ActiveRecord: 0.6ms | Allocations: 1062)


Started GET "/api/v1/office" for ::1 at 2021-02-04 19:09:21 -0700
Processing by Api::V1::OfficeController#index as */*
  [1m[36mOffice Load (1.0ms)[0m  [1m[34mSELECT "offices".* FROM "offices"[0m
  ↳ app/controllers/api/v1/office_controller.rb:5:in `index'
Completed 200 OK in 5ms (Views: 3.4ms | ActiveRecord: 1.0ms | Allocations: 1062)


Started GET "/api/v1/office" for ::1 at 2021-02-04 19:09:41 -0700
Processing by Api::V1::OfficeController#index as */*
  [1m[36mOffice Load (0.6ms)[0m  [1m[34mSELECT "offices".* FROM "offices"[0m
  ↳ app/controllers/api/v1/office_controller.rb:5:in `index'
Completed 200 OK in 8ms (Views: 6.9ms | ActiveRecord: 0.6ms | Allocations: 1043)


Started GET "/api/v1/office" for ::1 at 2021-02-04 19:09:44 -0700
Processing by Api::V1::OfficeController#index as */*
  [1m[36mOffice Load (2.1ms)[0m  [1m[34mSELECT "offices".* FROM "offices"[0m
  ↳ app/controllers/api/v1/office_controller.rb:5:in `index'
Completed 200 OK in 12ms (Views: 9.5ms | ActiveRecord: 2.1ms | Allocations: 1043)


Started GET "/api/v1/office" for ::1 at 2021-02-04 19:09:57 -0700
Processing by Api::V1::OfficeController#index as */*
  [1m[36mOffice Load (2.4ms)[0m  [1m[34mSELECT "offices".* FROM "offices"[0m
  ↳ app/controllers/api/v1/office_controller.rb:5:in `index'
Completed 200 OK in 14ms (Views: 11.4ms | ActiveRecord: 2.4ms | Allocations: 1043)


Started GET "/api/v1/office" for ::1 at 2021-02-04 19:10:12 -0700
Processing by Api::V1::OfficeController#index as */*
  [1m[36mOffice Load (0.7ms)[0m  [1m[34mSELECT "offices".* FROM "offices"[0m
  ↳ app/controllers/api/v1/office_controller.rb:5:in `index'
Completed 200 OK in 5ms (Views: 4.3ms | ActiveRecord: 0.7ms | Allocations: 1043)


Started GET "/api/v1/office" for ::1 at 2021-02-04 19:10:34 -0700
Processing by Api::V1::OfficeController#index as */*
  [1m[36mOffice Load (0.4ms)[0m  [1m[34mSELECT "offices".* FROM "offices"[0m
  ↳ app/controllers/api/v1/office_controller.rb:5:in `index'
Completed 200 OK in 5ms (Views: 4.1ms | ActiveRecord: 0.4ms | Allocations: 1043)


Started GET "/api/v1/office" for ::1 at 2021-02-04 19:10:55 -0700
Processing by Api::V1::OfficeController#index as */*
  [1m[36mOffice Load (0.7ms)[0m  [1m[34mSELECT "offices".* FROM "offices"[0m
  ↳ app/controllers/api/v1/office_controller.rb:5:in `index'
Completed 200 OK in 6ms (Views: 4.4ms | ActiveRecord: 0.7ms | Allocations: 1043)


Started GET "/api/v1/office" for ::1 at 2021-02-04 19:53:29 -0700
Processing by Api::V1::OfficeController#index as */*
  [1m[36mOffice Load (2.0ms)[0m  [1m[34mSELECT "offices".* FROM "offices"[0m
  ↳ app/controllers/api/v1/office_controller.rb:5:in `index'
Completed 200 OK in 42ms (Views: 42.0ms | ActiveRecord: 20.8ms | Allocations: 3029)


Started GET "/api/v1/office" for ::1 at 2021-02-04 19:54:18 -0700
Processing by Api::V1::OfficeController#index as */*
  [1m[36mOffice Load (0.7ms)[0m  [1m[34mSELECT "offices".* FROM "offices"[0m
  ↳ app/controllers/api/v1/office_controller.rb:5:in `index'
Completed 200 OK in 5ms (Views: 4.0ms | ActiveRecord: 0.7ms | Allocations: 1043)


Started GET "/api/v1/office" for ::1 at 2021-02-04 19:54:43 -0700
Processing by Api::V1::OfficeController#index as */*
  [1m[36mOffice Load (0.6ms)[0m  [1m[34mSELECT "offices".* FROM "offices"[0m
  ↳ app/controllers/api/v1/office_controller.rb:5:in `index'
Completed 200 OK in 5ms (Views: 4.2ms | ActiveRecord: 0.6ms | Allocations: 1043)


Started GET "/api/v1/office" for ::1 at 2021-02-04 19:55:09 -0700
Processing by Api::V1::OfficeController#index as */*
  [1m[36mOffice Load (3.6ms)[0m  [1m[34mSELECT "offices".* FROM "offices"[0m
  ↳ app/controllers/api/v1/office_controller.rb:5:in `index'
Completed 200 OK in 16ms (Views: 12.1ms | ActiveRecord: 3.6ms | Allocations: 1043)


Started GET "/api/v1/office" for ::1 at 2021-02-04 19:55:53 -0700
Processing by Api::V1::OfficeController#index as */*
  [1m[36mOffice Load (3.2ms)[0m  [1m[34mSELECT "offices".* FROM "offices"[0m
  ↳ app/controllers/api/v1/office_controller.rb:5:in `index'
Completed 200 OK in 13ms (Views: 9.8ms | ActiveRecord: 3.2ms | Allocations: 1043)


Started GET "/api/v1/office" for ::1 at 2021-02-04 19:56:33 -0700
Processing by Api::V1::OfficeController#index as */*
  [1m[36mOffice Load (0.8ms)[0m  [1m[34mSELECT "offices".* FROM "offices"[0m
  ↳ app/controllers/api/v1/office_controller.rb:5:in `index'
Completed 200 OK in 8ms (Views: 6.5ms | ActiveRecord: 0.8ms | Allocations: 1043)


Started GET "/api/v1/office" for ::1 at 2021-02-04 19:56:54 -0700
Processing by Api::V1::OfficeController#index as */*
  [1m[36mOffice Load (3.2ms)[0m  [1m[34mSELECT "offices".* FROM "offices"[0m
  ↳ app/controllers/api/v1/office_controller.rb:5:in `index'
Completed 200 OK in 20ms (Views: 16.1ms | ActiveRecord: 3.2ms | Allocations: 1043)


Started GET "/api/v1/office" for ::1 at 2021-02-04 21:12:20 -0700
Processing by Api::V1::OfficeController#index as */*
  [1m[36mOffice Load (1.5ms)[0m  [1m[34mSELECT "offices".* FROM "offices"[0m
  ↳ app/controllers/api/v1/office_controller.rb:5:in `index'
Completed 200 OK in 47ms (Views: 45.6ms | ActiveRecord: 22.5ms | Allocations: 3072)


Started GET "/api/v1/office" for ::1 at 2021-02-04 21:12:48 -0700
Processing by Api::V1::OfficeController#index as */*
  [1m[36mOffice Load (2.3ms)[0m  [1m[34mSELECT "offices".* FROM "offices"[0m
  ↳ app/controllers/api/v1/office_controller.rb:5:in `index'
Completed 200 OK in 9ms (Views: 6.9ms | ActiveRecord: 2.3ms | Allocations: 1043)


Started GET "/api/v1/office" for ::1 at 2021-02-04 21:13:43 -0700
Processing by Api::V1::OfficeController#index as */*
  [1m[36mOffice Load (0.9ms)[0m  [1m[34mSELECT "offices".* FROM "offices"[0m
  ↳ app/controllers/api/v1/office_controller.rb:5:in `index'
Completed 200 OK in 8ms (Views: 6.4ms | ActiveRecord: 0.9ms | Allocations: 1043)


Started GET "/api/v1/office" for ::1 at 2021-02-04 21:14:58 -0700
Processing by Api::V1::OfficeController#index as */*
  [1m[36mOffice Load (0.6ms)[0m  [1m[34mSELECT "offices".* FROM "offices"[0m
  ↳ app/controllers/api/v1/office_controller.rb:5:in `index'
Completed 200 OK in 5ms (Views: 3.8ms | ActiveRecord: 0.6ms | Allocations: 1043)


Started GET "/api/v1/office" for ::1 at 2021-02-04 21:15:29 -0700
Processing by Api::V1::OfficeController#index as */*
  [1m[36mOffice Load (0.7ms)[0m  [1m[34mSELECT "offices".* FROM "offices"[0m
  ↳ app/controllers/api/v1/office_controller.rb:5:in `index'
Completed 200 OK in 6ms (Views: 5.4ms | ActiveRecord: 0.7ms | Allocations: 1043)


Started GET "/api/v1/office" for ::1 at 2021-02-04 21:29:21 -0700
Processing by Api::V1::OfficeController#index as */*
  [1m[36mOffice Load (1.5ms)[0m  [1m[34mSELECT "offices".* FROM "offices"[0m
  ↳ app/controllers/api/v1/office_controller.rb:5:in `index'
Completed 200 OK in 38ms (Views: 37.5ms | ActiveRecord: 20.8ms | Allocations: 3029)


Started GET "/api/v1/office" for ::1 at 2021-02-04 21:32:24 -0700
Processing by Api::V1::OfficeController#index as */*
  [1m[36mOffice Load (0.6ms)[0m  [1m[34mSELECT "offices".* FROM "offices"[0m
  ↳ app/controllers/api/v1/office_controller.rb:5:in `index'
Completed 200 OK in 5ms (Views: 4.0ms | ActiveRecord: 0.6ms | Allocations: 1043)


Started GET "/api/v1/office" for ::1 at 2021-02-04 21:32:46 -0700
Processing by Api::V1::OfficeController#index as */*
  [1m[36mOffice Load (1.4ms)[0m  [1m[34mSELECT "offices".* FROM "offices"[0m
  ↳ app/controllers/api/v1/office_controller.rb:5:in `index'
Completed 200 OK in 6ms (Views: 4.3ms | ActiveRecord: 1.4ms | Allocations: 1043)


Started GET "/api/v1/office" for ::1 at 2021-02-04 21:33:05 -0700
Processing by Api::V1::OfficeController#index as */*
  [1m[36mOffice Load (0.5ms)[0m  [1m[34mSELECT "offices".* FROM "offices"[0m
  ↳ app/controllers/api/v1/office_controller.rb:5:in `index'
Completed 200 OK in 6ms (Views: 4.6ms | ActiveRecord: 0.5ms | Allocations: 1043)


Started GET "/api/v1/office" for ::1 at 2021-02-04 21:41:22 -0700
Processing by Api::V1::OfficeController#index as */*
  [1m[36mOffice Load (1.8ms)[0m  [1m[34mSELECT "offices".* FROM "offices"[0m
  ↳ app/controllers/api/v1/office_controller.rb:5:in `index'
Completed 200 OK in 43ms (Views: 42.6ms | ActiveRecord: 19.9ms | Allocations: 3029)


Started GET "/api/v1/office" for ::1 at 2021-02-04 21:42:00 -0700
Processing by Api::V1::OfficeController#index as */*
  [1m[36mOffice Load (1.2ms)[0m  [1m[34mSELECT "offices".* FROM "offices"[0m
  ↳ app/controllers/api/v1/office_controller.rb:5:in `index'
Completed 200 OK in 8ms (Views: 6.4ms | ActiveRecord: 1.2ms | Allocations: 1043)


Started GET "/api/v1/office" for ::1 at 2021-02-04 21:43:38 -0700
Processing by Api::V1::OfficeController#index as */*
  [1m[36mOffice Load (0.6ms)[0m  [1m[34mSELECT "offices".* FROM "offices"[0m
  ↳ app/controllers/api/v1/office_controller.rb:5:in `index'
Completed 200 OK in 5ms (Views: 4.2ms | ActiveRecord: 0.6ms | Allocations: 1043)


Started GET "/api/v1/office" for ::1 at 2021-02-04 21:44:11 -0700
Processing by Api::V1::OfficeController#index as */*
  [1m[36mOffice Load (1.3ms)[0m  [1m[34mSELECT "offices".* FROM "offices"[0m
  ↳ app/controllers/api/v1/office_controller.rb:5:in `index'
Completed 200 OK in 6ms (Views: 4.1ms | ActiveRecord: 1.3ms | Allocations: 1043)


Started GET "/api/v1/office" for ::1 at 2021-02-04 21:44:31 -0700
Processing by Api::V1::OfficeController#index as */*
  [1m[36mOffice Load (2.9ms)[0m  [1m[34mSELECT "offices".* FROM "offices"[0m
  ↳ app/controllers/api/v1/office_controller.rb:5:in `index'
Completed 200 OK in 14ms (Views: 10.1ms | ActiveRecord: 2.9ms | Allocations: 1043)


Started GET "/api/v1/office" for ::1 at 2021-02-04 21:45:44 -0700
Processing by Api::V1::OfficeController#index as */*
  [1m[36mOffice Load (0.4ms)[0m  [1m[34mSELECT "offices".* FROM "offices"[0m
  ↳ app/controllers/api/v1/office_controller.rb:5:in `index'
Completed 200 OK in 4ms (Views: 3.3ms | ActiveRecord: 0.4ms | Allocations: 1043)


Started GET "/api/v1/office" for ::1 at 2021-02-04 21:47:34 -0700
Processing by Api::V1::OfficeController#index as */*
  [1m[36mOffice Load (0.8ms)[0m  [1m[34mSELECT "offices".* FROM "offices"[0m
  ↳ app/controllers/api/v1/office_controller.rb:5:in `index'
Completed 200 OK in 5ms (Views: 3.7ms | ActiveRecord: 0.8ms | Allocations: 1043)


Started GET "/api/v1/office" for ::1 at 2021-02-04 21:50:09 -0700
Processing by Api::V1::OfficeController#index as */*
  [1m[36mOffice Load (0.4ms)[0m  [1m[34mSELECT "offices".* FROM "offices"[0m
  ↳ app/controllers/api/v1/office_controller.rb:5:in `index'
Completed 200 OK in 4ms (Views: 2.8ms | ActiveRecord: 0.4ms | Allocations: 1043)


Started GET "/api/v1/office" for ::1 at 2021-02-04 21:50:55 -0700
Processing by Api::V1::OfficeController#index as */*
  [1m[36mOffice Load (0.6ms)[0m  [1m[34mSELECT "offices".* FROM "offices"[0m
  ↳ app/controllers/api/v1/office_controller.rb:5:in `index'
Completed 200 OK in 5ms (Views: 3.9ms | ActiveRecord: 0.6ms | Allocations: 1043)


Started GET "/api/v1/office" for ::1 at 2021-02-06 19:59:16 -0700
  [1m[35m (5.9ms)[0m  [1m[34mSELECT "schema_migrations"."version" FROM "schema_migrations" ORDER BY "schema_migrations"."version" ASC[0m
Processing by Api::V1::OfficeController#index as */*
  [1m[36mOffice Load (4.6ms)[0m  [1m[34mSELECT "offices".* FROM "offices"[0m
  ↳ app/controllers/api/v1/office_controller.rb:5:in `index'
Completed 200 OK in 80ms (Views: 32.8ms | ActiveRecord: 23.3ms | Allocations: 8522)


Started GET "/api/v1/office" for ::1 at 2021-02-06 20:09:13 -0700
Processing by Api::V1::OfficeController#index as */*
  [1m[36mOffice Load (1.9ms)[0m  [1m[34mSELECT "offices".* FROM "offices"[0m
  ↳ app/controllers/api/v1/office_controller.rb:5:in `index'
Completed 200 OK in 58ms (Views: 56.9ms | ActiveRecord: 30.8ms | Allocations: 3090)


Started GET "/api/v1/office" for ::1 at 2021-02-06 20:12:23 -0700
Processing by Api::V1::OfficeController#index as */*
  [1m[36mOffice Load (0.8ms)[0m  [1m[34mSELECT "offices".* FROM "offices"[0m
  ↳ app/controllers/api/v1/office_controller.rb:5:in `index'
Completed 200 OK in 5ms (Views: 4.0ms | ActiveRecord: 0.8ms | Allocations: 1062)


Started GET "/api/v1/office" for ::1 at 2021-02-06 20:12:45 -0700
Processing by Api::V1::OfficeController#index as */*
  [1m[36mOffice Load (1.5ms)[0m  [1m[34mSELECT "offices".* FROM "offices"[0m
  ↳ app/controllers/api/v1/office_controller.rb:5:in `index'
Completed 200 OK in 9ms (Views: 6.0ms | ActiveRecord: 1.5ms | Allocations: 1062)


Started GET "/api/v1/office" for ::1 at 2021-02-06 20:13:17 -0700
Processing by Api::V1::OfficeController#index as */*
  [1m[36mOffice Load (4.3ms)[0m  [1m[34mSELECT "offices".* FROM "offices"[0m
  ↳ app/controllers/api/v1/office_controller.rb:5:in `index'
Completed 200 OK in 21ms (Views: 15.4ms | ActiveRecord: 4.3ms | Allocations: 1062)


Started GET "/api/v1/office" for ::1 at 2021-02-06 20:13:41 -0700
Processing by Api::V1::OfficeController#index as */*
  [1m[36mOffice Load (1.8ms)[0m  [1m[34mSELECT "offices".* FROM "offices"[0m
  ↳ app/controllers/api/v1/office_controller.rb:5:in `index'
Completed 200 OK in 11ms (Views: 9.3ms | ActiveRecord: 1.8ms | Allocations: 1043)


Started GET "/api/v1/office" for ::1 at 2021-02-06 20:13:43 -0700
Processing by Api::V1::OfficeController#index as */*
  [1m[36mOffice Load (3.6ms)[0m  [1m[34mSELECT "offices".* FROM "offices"[0m
  ↳ app/controllers/api/v1/office_controller.rb:5:in `index'
Completed 200 OK in 10ms (Views: 6.2ms | ActiveRecord: 3.6ms | Allocations: 1043)


Started GET "/api/v1/office" for ::1 at 2021-02-06 20:14:03 -0700
Processing by Api::V1::OfficeController#index as */*
  [1m[36mOffice Load (1.6ms)[0m  [1m[34mSELECT "offices".* FROM "offices"[0m
  ↳ app/controllers/api/v1/office_controller.rb:5:in `index'
Completed 200 OK in 7ms (Views: 5.0ms | ActiveRecord: 1.6ms | Allocations: 1043)


Started GET "/api/v1/office" for ::1 at 2021-02-06 20:14:23 -0700
Processing by Api::V1::OfficeController#index as */*
  [1m[36mOffice Load (0.6ms)[0m  [1m[34mSELECT "offices".* FROM "offices"[0m
  ↳ app/controllers/api/v1/office_controller.rb:5:in `index'
Completed 200 OK in 7ms (Views: 5.6ms | ActiveRecord: 0.6ms | Allocations: 1043)


Started GET "/api/v1/office" for ::1 at 2021-02-06 20:14:44 -0700
Processing by Api::V1::OfficeController#index as */*
  [1m[36mOffice Load (4.2ms)[0m  [1m[34mSELECT "offices".* FROM "offices"[0m
  ↳ app/controllers/api/v1/office_controller.rb:5:in `index'
Completed 200 OK in 20ms (Views: 14.8ms | ActiveRecord: 4.2ms | Allocations: 1043)


Started GET "/api/v1/office" for ::1 at 2021-02-06 20:15:11 -0700
Processing by Api::V1::OfficeController#index as */*
  [1m[36mOffice Load (1.7ms)[0m  [1m[34mSELECT "offices".* FROM "offices"[0m
  ↳ app/controllers/api/v1/office_controller.rb:5:in `index'
Completed 200 OK in 10ms (Views: 7.5ms | ActiveRecord: 1.7ms | Allocations: 1043)


Started GET "/api/v1/office" for ::1 at 2021-02-06 20:16:21 -0700
Processing by Api::V1::OfficeController#index as */*
  [1m[36mOffice Load (0.6ms)[0m  [1m[34mSELECT "offices".* FROM "offices"[0m
  ↳ app/controllers/api/v1/office_controller.rb:5:in `index'
Completed 200 OK in 3ms (Views: 2.2ms | ActiveRecord: 0.6ms | Allocations: 1043)


Started GET "/api/v1/office" for ::1 at 2021-02-06 21:21:07 -0700
  [1m[35m (1.2ms)[0m  [1m[34mSELECT "schema_migrations"."version" FROM "schema_migrations" ORDER BY "schema_migrations"."version" ASC[0m
Processing by Api::V1::OfficeController#index as */*
  [1m[36mOffice Load (0.8ms)[0m  [1m[34mSELECT "offices".* FROM "offices"[0m
  ↳ app/controllers/api/v1/office_controller.rb:5:in `index'
Completed 200 OK in 58ms (Views: 11.6ms | ActiveRecord: 7.0ms | Allocations: 8524)


Started GET "/api/v1/office" for ::1 at 2021-02-06 21:25:53 -0700
Processing by Api::V1::OfficeController#index as */*
  [1m[36mOffice Load (1.1ms)[0m  [1m[34mSELECT "offices".* FROM "offices"[0m
  ↳ app/controllers/api/v1/office_controller.rb:5:in `index'
Completed 200 OK in 6ms (Views: 4.5ms | ActiveRecord: 1.1ms | Allocations: 1062)


Started GET "/api/v1/office" for ::1 at 2021-02-07 11:37:28 -0700
  [1m[35m (3.0ms)[0m  [1m[34mSELECT "schema_migrations"."version" FROM "schema_migrations" ORDER BY "schema_migrations"."version" ASC[0m
Processing by Api::V1::OfficeController#index as */*
  [1m[36mOffice Load (3.4ms)[0m  [1m[34mSELECT "offices".* FROM "offices"[0m
  ↳ app/controllers/api/v1/office_controller.rb:5:in `index'
Completed 200 OK in 54ms (Views: 12.2ms | ActiveRecord: 23.4ms | Allocations: 8524)


